     1                                  ;Guardar el archivo
     2                                  ;path C:\Ensamblador\MinGW\bin
     3                                  ;nasm -f win32 -o mov.o mov.asm -l mov.lst
     4                                  ;gcc -o mov.exe mov.o
     5                                  segment .data
     6 00000000 0001                    variable1	dw	256 ;0x0100 -> 00 01
     7                                  
     8                                  segment .bss
     9 00000000 <res 00000001>          variable2	resb	1
    10                                  
    11                                  segment .text
    12                                  global _main
    13                                  _main:
    14                                  	;mover a AH lo que hay en variable1
    15 00000000 66A1[00000000]          	mov ax,[variable1] 	;mem -> reg
    16                                  	
    17                                  	;mover a variable2 lo que hay en AH	
    18 00000006 8825[00000000]          	mov [variable2],ah 	;reg -> mem
    19                                  	
    20                                  	;mover a BH lo que hay en AH
    21 0000000C 88E7                    	mov bh,ah			;reg -> reg
    22                                  	
    23                                  	;mover a variable2 lo que hay en variable1
    24                                  	;mov word[variable2],word[variable1]; NO EXISTE
    25 0000000E C3                      ret
    26                                  
    27                                  
    28                                  
    29                                  
    30                                  
    31                                  
    32                                  
