     1                                  ;Guardar el archivo
     2                                  ;path C:\Ensamblador\MinGW\bin
     3                                  ;nasm -f win32 -o div.o div.asm -l div.lst
     4                                  ;gcc -o div.exe div.o
     5                                  segment .data
     6 00000000 0401                    myWord	dw 0x0104
     7                                  
     8                                  segment .bss
     9                                  
    10                                  segment .text
    11                                  global _main
    12                                  _main:
    13 00000000 B401                    	mov ah,0x01
    14 00000002 B005                    	mov al,0x05
    15 00000004 B31A                    	mov bl,0x1A
    16 00000006 F6F3                    	div bl
    17                                  	;ERROR de ejemplo
    18                                  	; mov ah,0x1A
    19                                  	; mov al,0x05
    20                                  	; mov bl,0x1A
    21                                  	; div bl
    22                                  
    23 00000008 66BA1000                	mov dx,0x0010
    24 0000000C 66B81044                	mov ax,0x4410
    25 00000010 66F735[00000000]        	div word[myWord]
    26                                  	;ERROR de ejemplo
    27 00000017 66BA0501                	mov dx,0x0105
    28 0000001B 66B81044                	mov ax,0x4410
    29 0000001F 66F735[00000000]        	div word[myWord]
    30 00000026 C3                      ret
