     1                                  ;Guardar el archivo
     2                                  ;path C:\Ensamblador\MinGW\bin
     3                                  ;nasm -f win32 -o idiv.o idiv.asm -l idiv.lst
     4                                  ;gcc -o idiv.exe idiv.o
     5                                  segment .data
     6 00000000 FDFF                    myWord	dw 0xFFFD
     7                                  
     8                                  segment .bss
     9                                  
    10                                  segment .text
    11                                  global _main
    12                                  _main:
    13 00000000 B4FF                        mov ah,0xFF
    14 00000002 B0F6                        mov al,0xF6
    15 00000004 B30A                        mov bl,0x0A
    16 00000006 F6FB                        idiv bl
    17                                      ;ERROR de ejemplo
    18                                      ; mov ah,0xF0
    19                                      ; mov al,0xF6
    20                                      ; mov bl,0x0A
    21                                      ; idiv bl
    22                                  
    23 00000008 66BAFFFF                    mov dx,0xFFFF
    24 0000000C 66B8FCEF                    mov ax,0xEFFC
    25 00000010 66F73D[00000000]            idiv word[myWord]
    26                                      ;ERROR de ejemplo
    27                                      ; mov dx,0x3FDF
    28                                      ; mov ax,0xEFFC
    29                                      ; idiv word[myWord]
    30                                  
    31 00000017 66B8FCEF                    mov ax,0xEFFC
    32 0000001B 6699                        cwd     ;Convertir de Word a Double
    33 0000001D 66F73D[00000000]            idiv word[myWord]
    34                                  
    35 00000024 6698                        cbw     ;Convertir de Byte a Word
    36 00000026 6699                        cwd     ;Convertir de Word a Double
    37 00000028 99                          cdq     ;Convertir de Double a Quad
    38 00000029 C3                      ret
