     1                                  ;Guardar el archivo
     2                                  ;path C:\Ensamblador\MinGW\bin
     3                                  ;nasm -f win32 -o add-sub.o add-sub.asm -l add-sub.lst
     4                                  ;gcc -o add-sub.exe add-sub.o
     5                                  segment .data
     6                                  ;Variables inicializadas
     7                                  
     8                                  segment .bss
     9                                  ;Variables NO inicializadas
    10                                  
    11                                  segment .text
    12                                  global _main
    13                                  _main:
    14 00000000 B801000000                  mov eax,1
    15 00000005 83C00A                      add eax,10 ; eax = eax + 10
    16                                  
    17 00000008 B4FF                        mov ah,0xff
    18 0000000A 80C401                      add ah,1
    19                                  
    20 0000000D 28E0                        sub al,ah
    21 0000000F 2C01                        sub al,1
    22                                  
    23 00000011 80EC01                      sub ah,1
    24                                  
    25 00000014 1401                        adc al,1
    26                                  
    27 00000016 B400                        mov ah,0
    28 00000018 80EC01                      sub ah,1
    29                                  
    30 0000001B 1C01                        sbb al,1
    31 0000001D C3                      ret
