     1                                  ;Guardar el archivo
     2                                  ;path C:\Ensamblador\MinGW\bin
     3                                  ;nasm -f win32 -o imul.o imul.asm -l imul.lst
     4                                  ;gcc -o imul.exe imul.o
     5                                  segment .data
     6                                  
     7                                  segment .bss
     8                                  
     9                                  segment .text
    10                                  global _main
    11                                  _main:
    12 00000000 B3FF                    	mov bl,-1
    13 00000002 B00A                    	mov al,10
    14 00000004 F6EB                    	imul bl
    15                                  	
    16 00000006 66BB0410                	mov bx,4100
    17 0000000A 66B8FFFF                	mov ax,-1
    18 0000000E 66F7EB                  	imul bx
    19                                  	
    20 00000011 BB00000080              	mov ebx,0x80000000
    21 00000016 B800000080              	mov eax,0x80000000
    22 0000001B F7EB                    	imul ebx
    23                                  	
    24 0000001D B3FF                    	mov bl,0xFF
    25 0000001F B001                    	mov al,0x01
    26 00000021 F6E3                    	mul bl
    27                                  	
    28 00000023 B3FF                    	mov bl,0xFF
    29 00000025 B001                    	mov al,0x01
    30 00000027 F6EB                    	imul bl
    31 00000029 C3                      ret
    32                                  
    33                                  
    34                                  
    35                                  
    36                                  
    37                                  
